<?xml version="1.0" encoding="UTF-8"?>
<testsuite xmlns:xsi="http://www.w3.org/2001/XMLSchema-instance" xsi:noNamespaceSchemaLocation="https://maven.apache.org/surefire/maven-surefire-plugin/xsd/surefire-test-report-3.0.xsd" version="3.0" name="aed.PuntoYYcomaTests" time="0.115" tests="9" errors="0" skipped="0" failures="0">
  <properties>
[...]
</properties>
  <testcase name="testGananciaPromedioPorTraslado" classname="aed.PuntoYYcomaTests" time="0.06"/>
  <testcase name="testCiudadesConMayorGanancia" classname="aed.PuntoYYcomaTests" time="0.002"/>
  <testcase name="testCiudadesConMayorPerdida" classname="aed.PuntoYYcomaTests" time="0.001"/>
  <testcase name="testRegistrarTrasladosAdicionales" classname="aed.PuntoYYcomaTests" time="0.001"/>
  <testcase name="pruebaModificacionCiudadesGananciayPerdida" classname="aed.PuntoYYcomaTests" time="0.003"/>
  <testcase name="testCiudadConMayorSuperavitInicial" classname="aed.PuntoYYcomaTests" time="0.001"/>
  <testcase name="pruebaModificacionCiudadesSuperavit" classname="aed.PuntoYYcomaTests" time="0.002"/>
  <testcase name="testDespacharMasRedituables" classname="aed.PuntoYYcomaTests" time="0.001"/>
  <testcase name="testDespacharMasAntiguos" classname="aed.PuntoYYcomaTests" time="0.001"/>
</testsuite>